\BOOKMARK [0][-]{chapter.1}{\376\377\000C\000l\000a\000s\000s\000\040\000I\000n\000d\000e\000x}{}% 1
\BOOKMARK [1][-]{section.1.1}{\376\377\000C\000l\000a\000s\000s\000\040\000L\000i\000s\000t}{chapter.1}% 2
\BOOKMARK [0][-]{chapter.2}{\376\377\000F\000i\000l\000e\000\040\000I\000n\000d\000e\000x}{}% 3
\BOOKMARK [1][-]{section.2.1}{\376\377\000F\000i\000l\000e\000\040\000L\000i\000s\000t}{chapter.2}% 4
\BOOKMARK [0][-]{chapter.3}{\376\377\000C\000l\000a\000s\000s\000\040\000D\000o\000c\000u\000m\000e\000n\000t\000a\000t\000i\000o\000n}{}% 5
\BOOKMARK [1][-]{section.3.1}{\376\377\000A\000P\000\040\000C\000l\000a\000s\000s\000\040\000R\000e\000f\000e\000r\000e\000n\000c\000e}{chapter.3}% 6
\BOOKMARK [2][-]{subsection.3.1.1}{\376\377\000D\000e\000t\000a\000i\000l\000e\000d\000\040\000D\000e\000s\000c\000r\000i\000p\000t\000i\000o\000n}{section.3.1}% 7
\BOOKMARK [2][-]{subsection.3.1.2}{\376\377\000C\000o\000n\000s\000t\000r\000u\000c\000t\000o\000r\000\040\000\046\000\040\000D\000e\000s\000t\000r\000u\000c\000t\000o\000r\000\040\000D\000o\000c\000u\000m\000e\000n\000t\000a\000t\000i\000o\000n}{section.3.1}% 8
\BOOKMARK [3][-]{subsubsection.3.1.2.1}{\376\377\000A\000P}{subsection.3.1.2}% 9
\BOOKMARK [2][-]{subsection.3.1.3}{\376\377\000M\000e\000m\000b\000e\000r\000\040\000F\000u\000n\000c\000t\000i\000o\000n\000\040\000D\000o\000c\000u\000m\000e\000n\000t\000a\000t\000i\000o\000n}{section.3.1}% 10
\BOOKMARK [3][-]{subsubsection.3.1.3.1}{\376\377\000a\000d\000d\000\137\000l\000i\000s\000t\000e\000n\000e\000r}{subsection.3.1.3}% 11
\BOOKMARK [3][-]{subsubsection.3.1.3.2}{\376\377\000A\000D\000D\000\137\000S\000T\000A}{subsection.3.1.3}% 12
\BOOKMARK [3][-]{subsubsection.3.1.3.3}{\376\377\000A\000P\000\137\000i\000n\000i\000t}{subsection.3.1.3}% 13
\BOOKMARK [3][-]{subsubsection.3.1.3.4}{\376\377\000c\000a\000l\000l\000b\000a\000c\000k\000\137\000f\000i\000n\000t\000x}{subsection.3.1.3}% 14
\BOOKMARK [3][-]{subsubsection.3.1.3.5}{\376\377\000c\000a\000l\000l\000b\000a\000c\000k\000\137\000t\000x}{subsection.3.1.3}% 15
\BOOKMARK [3][-]{subsubsection.3.1.3.6}{\376\377\000c\000h\000e\000c\000k\000\137\000b\000u\000f\000f\000e\000r}{subsection.3.1.3}% 16
\BOOKMARK [3][-]{subsubsection.3.1.3.7}{\376\377\000c\000h\000e\000c\000k\000\137\000t\000x\000\137\000t\000i\000m\000e}{subsection.3.1.3}% 17
\BOOKMARK [3][-]{subsubsection.3.1.3.8}{\376\377\000j\000u\000m\000p\000\137\000t\000i\000m\000e}{subsection.3.1.3}% 18
\BOOKMARK [3][-]{subsubsection.3.1.3.9}{\376\377\000n\000o\000t\000i\000f\000y\000\137\000l\000i\000s\000t\000e\000n\000e\000r}{subsection.3.1.3}% 19
\BOOKMARK [3][-]{subsubsection.3.1.3.10}{\376\377\000s\000c\000h\000e\000d\000\137\000t\000x}{subsection.3.1.3}% 20
\BOOKMARK [2][-]{subsection.3.1.4}{\376\377\000M\000e\000m\000b\000e\000r\000\040\000D\000a\000t\000a\000\040\000D\000o\000c\000u\000m\000e\000n\000t\000a\000t\000i\000o\000n}{section.3.1}% 21
\BOOKMARK [3][-]{subsubsection.3.1.4.1}{\376\377\000A\000L\000L\000O\000C\000\137\000d\000a\000t\000a\000\137\000D\000L}{subsection.3.1.4}% 22
\BOOKMARK [3][-]{subsubsection.3.1.4.2}{\376\377\000A\000L\000L\000O\000C\000\137\000d\000a\000t\000a\000\137\000U\000L}{subsection.3.1.4}% 23
\BOOKMARK [3][-]{subsubsection.3.1.4.3}{\376\377\000B\000U\000F\000\137\000I\000n\000d}{subsection.3.1.4}% 24
\BOOKMARK [3][-]{subsubsection.3.1.4.4}{\376\377\000I\000D}{subsection.3.1.4}% 25
\BOOKMARK [3][-]{subsubsection.3.1.4.5}{\376\377\000l\000i\000s\000t\000e\000n\000e\000r\000\137\000S\000T\000A}{subsection.3.1.4}% 26
\BOOKMARK [3][-]{subsubsection.3.1.4.6}{\376\377\000R\000X\000\137\000i\000n\000d}{subsection.3.1.4}% 27
\BOOKMARK [3][-]{subsubsection.3.1.4.7}{\376\377\000T\000X\000\137\000i\000n\000d}{subsection.3.1.4}% 28
\BOOKMARK [1][-]{section.3.2}{\376\377\000p\000a\000r\000a\000m\000e\000t\000e\000r\000s\000\040\000S\000t\000r\000u\000c\000t\000\040\000R\000e\000f\000e\000r\000e\000n\000c\000e}{chapter.3}% 29
\BOOKMARK [2][-]{subsection.3.2.1}{\376\377\000D\000e\000t\000a\000i\000l\000e\000d\000\040\000D\000e\000s\000c\000r\000i\000p\000t\000i\000o\000n}{section.3.2}% 30
\BOOKMARK [2][-]{subsection.3.2.2}{\376\377\000M\000e\000m\000b\000e\000r\000\040\000D\000a\000t\000a\000\040\000D\000o\000c\000u\000m\000e\000n\000t\000a\000t\000i\000o\000n}{section.3.2}% 31
\BOOKMARK [3][-]{subsubsection.3.2.2.1}{\376\377\000C\000W\000\137\000m\000i\000n}{subsection.3.2.2}% 32
\BOOKMARK [3][-]{subsubsection.3.2.2.2}{\376\377\000D\000L\000\137\000U\000L}{subsection.3.2.2}% 33
\BOOKMARK [3][-]{subsubsection.3.2.2.3}{\376\377\000N\000C\000e\000l\000l}{subsection.3.2.2}% 34
\BOOKMARK [1][-]{section.3.3}{\376\377\000S\000T\000A\000\040\000C\000l\000a\000s\000s\000\040\000R\000e\000f\000e\000r\000e\000n\000c\000e}{chapter.3}% 35
\BOOKMARK [2][-]{subsection.3.3.1}{\376\377\000D\000e\000t\000a\000i\000l\000e\000d\000\040\000D\000e\000s\000c\000r\000i\000p\000t\000i\000o\000n}{section.3.3}% 36
\BOOKMARK [2][-]{subsection.3.3.2}{\376\377\000C\000o\000n\000s\000t\000r\000u\000c\000t\000o\000r\000\040\000\046\000\040\000D\000e\000s\000t\000r\000u\000c\000t\000o\000r\000\040\000D\000o\000c\000u\000m\000e\000n\000t\000a\000t\000i\000o\000n}{section.3.3}% 37
\BOOKMARK [3][-]{subsubsection.3.3.2.1}{\376\377\000S\000T\000A}{subsection.3.3.2}% 38
\BOOKMARK [2][-]{subsection.3.3.3}{\376\377\000M\000e\000m\000b\000e\000r\000\040\000F\000u\000n\000c\000t\000i\000o\000n\000\040\000D\000o\000c\000u\000m\000e\000n\000t\000a\000t\000i\000o\000n}{section.3.3}% 39
\BOOKMARK [3][-]{subsubsection.3.3.3.1}{\376\377\000a\000d\000d\000\137\000l\000i\000s\000t\000e\000n\000e\000r}{subsection.3.3.3}% 40
\BOOKMARK [3][-]{subsubsection.3.3.3.2}{\376\377\000c\000a\000l\000l\000b\000a\000c\000k\000\137\000f\000i\000n\000t\000x}{subsection.3.3.3}% 41
\BOOKMARK [3][-]{subsubsection.3.3.3.3}{\376\377\000c\000a\000l\000l\000b\000a\000c\000k\000\137\000t\000x}{subsection.3.3.3}% 42
\BOOKMARK [3][-]{subsubsection.3.3.3.4}{\376\377\000c\000h\000e\000c\000k\000\137\000b\000u\000f\000f\000e\000r}{subsection.3.3.3}% 43
\BOOKMARK [3][-]{subsubsection.3.3.3.5}{\376\377\000c\000h\000e\000c\000k\000\137\000t\000x\000\137\000t\000i\000m\000e}{subsection.3.3.3}% 44
\BOOKMARK [3][-]{subsubsection.3.3.3.6}{\376\377\000j\000u\000m\000p\000\137\000t\000i\000m\000e}{subsection.3.3.3}% 45
\BOOKMARK [3][-]{subsubsection.3.3.3.7}{\376\377\000n\000o\000t\000i\000f\000y\000\137\000l\000i\000s\000t\000e\000n\000e\000r}{subsection.3.3.3}% 46
\BOOKMARK [3][-]{subsubsection.3.3.3.8}{\376\377\000s\000c\000h\000e\000d\000\137\000t\000x}{subsection.3.3.3}% 47
\BOOKMARK [3][-]{subsubsection.3.3.3.9}{\376\377\000S\000T\000A\000\137\000i\000n\000i\000t}{subsection.3.3.3}% 48
\BOOKMARK [2][-]{subsection.3.3.4}{\376\377\000M\000e\000m\000b\000e\000r\000\040\000D\000a\000t\000a\000\040\000D\000o\000c\000u\000m\000e\000n\000t\000a\000t\000i\000o\000n}{section.3.3}% 49
\BOOKMARK [3][-]{subsubsection.3.3.4.1}{\376\377\000B\000U\000F\000\137\000I\000n\000d}{subsection.3.3.4}% 50
\BOOKMARK [3][-]{subsubsection.3.3.4.2}{\376\377\000I\000D}{subsection.3.3.4}% 51
\BOOKMARK [3][-]{subsubsection.3.3.4.3}{\376\377\000l\000i\000s\000t\000e\000n\000e\000r\000\137\000S\000T\000A}{subsection.3.3.4}% 52
\BOOKMARK [3][-]{subsubsection.3.3.4.4}{\376\377\000R\000X\000\137\000i\000n\000d}{subsection.3.3.4}% 53
\BOOKMARK [3][-]{subsubsection.3.3.4.5}{\376\377\000T\000X\000\137\000i\000n\000d}{subsection.3.3.4}% 54
\BOOKMARK [0][-]{chapter.4}{\376\377\000F\000i\000l\000e\000\040\000D\000o\000c\000u\000m\000e\000n\000t\000a\000t\000i\000o\000n}{}% 55
\BOOKMARK [1][-]{section.4.1}{\376\377\000/\000h\000o\000m\000e\000/\000s\000r\000e\000e\000k\000a\000n\000t\000h\000e\000p\000c\000/\000g\000i\000t\000\137\000b\000i\000t\000b\000u\000c\000k\000e\000t\000\137\000r\000e\000p\000o\000s\000/\000h\000e\000t\000n\000e\000t\000s\000i\000m\000\137\000c\000p\000p\000/\000h\000d\000r\000/\0008\0000\0002\000.\0001\0001\000a\000c\000/\000A\000P\000.\000h\000\040\000F\000i\000l\000e\000\040\000R\000e\000f\000e\000r\000e\000n\000c\000e}{chapter.4}% 56
\BOOKMARK [2][-]{subsection.4.1.1}{\376\377\000D\000e\000t\000a\000i\000l\000e\000d\000\040\000D\000e\000s\000c\000r\000i\000p\000t\000i\000o\000n}{section.4.1}% 57
\BOOKMARK [1][-]{section.4.2}{\376\377\000/\000h\000o\000m\000e\000/\000s\000r\000e\000e\000k\000a\000n\000t\000h\000e\000p\000c\000/\000g\000i\000t\000\137\000b\000i\000t\000b\000u\000c\000k\000e\000t\000\137\000r\000e\000p\000o\000s\000/\000h\000e\000t\000n\000e\000t\000s\000i\000m\000\137\000c\000p\000p\000/\000h\000d\000r\000/\0008\0000\0002\000.\0001\0001\000a\000c\000/\000B\000L\000E\000R\000.\000h\000\040\000F\000i\000l\000e\000\040\000R\000e\000f\000e\000r\000e\000n\000c\000e}{chapter.4}% 58
\BOOKMARK [2][-]{subsection.4.2.1}{\376\377\000D\000e\000t\000a\000i\000l\000e\000d\000\040\000D\000e\000s\000c\000r\000i\000p\000t\000i\000o\000n}{section.4.2}% 59
\BOOKMARK [2][-]{subsection.4.2.2}{\376\377\000V\000a\000r\000i\000a\000b\000l\000e\000\040\000D\000o\000c\000u\000m\000e\000n\000t\000a\000t\000i\000o\000n}{section.4.2}% 60
\BOOKMARK [3][-]{subsubsection.4.2.2.1}{\376\377\000A\000W\000G\000N\000\137\0001\0001\000a\000c\000\137\0008\000\137\000M\000C\000S\000\137\000B\000L\000E\000R}{subsection.4.2.2}% 61
\BOOKMARK [3][-]{subsubsection.4.2.2.2}{\376\377\000A\000W\000G\000N\000\137\0001\0001\000a\000c\000\137\0008\000\137\000M\000C\000S\000\137\000S\000N\000R}{subsection.4.2.2}% 62
\BOOKMARK [1][-]{section.4.3}{\376\377\000/\000h\000o\000m\000e\000/\000s\000r\000e\000e\000k\000a\000n\000t\000h\000e\000p\000c\000/\000g\000i\000t\000\137\000b\000i\000t\000b\000u\000c\000k\000e\000t\000\137\000r\000e\000p\000o\000s\000/\000h\000e\000t\000n\000e\000t\000s\000i\000m\000\137\000c\000p\000p\000/\000h\000d\000r\000/\0008\0000\0002\000.\0001\0001\000a\000c\000/\000c\000o\000m\000m\000o\000n\000.\000h\000\040\000F\000i\000l\000e\000\040\000R\000e\000f\000e\000r\000e\000n\000c\000e}{chapter.4}% 63
\BOOKMARK [2][-]{subsection.4.3.1}{\376\377\000D\000e\000t\000a\000i\000l\000e\000d\000\040\000D\000e\000s\000c\000r\000i\000p\000t\000i\000o\000n}{section.4.3}% 64
\BOOKMARK [2][-]{subsection.4.3.2}{\376\377\000M\000a\000c\000r\000o\000\040\000D\000e\000f\000i\000n\000i\000t\000i\000o\000n\000\040\000D\000o\000c\000u\000m\000e\000n\000t\000a\000t\000i\000o\000n}{section.4.3}% 65
\BOOKMARK [3][-]{subsubsection.4.3.2.1}{\376\377\000T\000R\000A\000N\000S\000M\000I\000T\000T\000I\000N\000G}{subsection.4.3.2}% 66
\BOOKMARK [2][-]{subsection.4.3.3}{\376\377\000F\000u\000n\000c\000t\000i\000o\000n\000\040\000D\000o\000c\000u\000m\000e\000n\000t\000a\000t\000i\000o\000n}{section.4.3}% 67
\BOOKMARK [3][-]{subsubsection.4.3.3.1}{\376\377\000M\000o\000n\000o\000t\000o\000n\000e\000\137\000c\000u\000b\000i\000c\000\137\000s\000p\000l\000i\000n\000e\000\137\000i\000n\000t\000e\000r\000p\000o\000l\000a\000t\000i\000o\000n}{subsection.4.3.3}% 68
\BOOKMARK [1][-]{section.4.4}{\376\377\000/\000h\000o\000m\000e\000/\000s\000r\000e\000e\000k\000a\000n\000t\000h\000e\000p\000c\000/\000g\000i\000t\000\137\000b\000i\000t\000b\000u\000c\000k\000e\000t\000\137\000r\000e\000p\000o\000s\000/\000h\000e\000t\000n\000e\000t\000s\000i\000m\000\137\000c\000p\000p\000/\000h\000d\000r\000/\0008\0000\0002\000.\0001\0001\000a\000c\000/\000S\000T\000A\000.\000h\000\040\000F\000i\000l\000e\000\040\000R\000e\000f\000e\000r\000e\000n\000c\000e}{chapter.4}% 69
\BOOKMARK [2][-]{subsection.4.4.1}{\376\377\000D\000e\000t\000a\000i\000l\000e\000d\000\040\000D\000e\000s\000c\000r\000i\000p\000t\000i\000o\000n}{section.4.4}% 70
\BOOKMARK [1][-]{section.4.5}{\376\377\000/\000h\000o\000m\000e\000/\000s\000r\000e\000e\000k\000a\000n\000t\000h\000e\000p\000c\000/\000g\000i\000t\000\137\000b\000i\000t\000b\000u\000c\000k\000e\000t\000\137\000r\000e\000p\000o\000s\000/\000h\000e\000t\000n\000e\000t\000s\000i\000m\000\137\000c\000p\000p\000/\000h\000d\000r\000/\000c\000h\000a\000n\000n\000e\000l\000\137\000m\000o\000d\000e\000l\000s\000/\000c\000h\000a\000n\000n\000e\000l\000\137\000m\000o\000d\000e\000l\000s\000.\000h\000\040\000F\000i\000l\000e\000\040\000R\000e\000f\000e\000r\000e\000n\000c\000e}{chapter.4}% 71
\BOOKMARK [2][-]{subsection.4.5.1}{\376\377\000D\000e\000t\000a\000i\000l\000e\000d\000\040\000D\000e\000s\000c\000r\000i\000p\000t\000i\000o\000n}{section.4.5}% 72
\BOOKMARK [2][-]{subsection.4.5.2}{\376\377\000F\000u\000n\000c\000t\000i\000o\000n\000\040\000D\000o\000c\000u\000m\000e\000n\000t\000a\000t\000i\000o\000n}{section.4.5}% 73
\BOOKMARK [3][-]{subsubsection.4.5.2.1}{\376\377\000I\000n\000H}{subsection.4.5.2}% 74
\BOOKMARK [3][-]{subsubsection.4.5.2.2}{\376\377\000P\000L\000\137\000m\000e\000a\000s\000u\000r\000e}{subsection.4.5.2}% 75
\BOOKMARK [1][-]{section.4.6}{\376\377\000/\000h\000o\000m\000e\000/\000s\000r\000e\000e\000k\000a\000n\000t\000h\000e\000p\000c\000/\000g\000i\000t\000\137\000b\000i\000t\000b\000u\000c\000k\000e\000t\000\137\000r\000e\000p\000o\000s\000/\000h\000e\000t\000n\000e\000t\000s\000i\000m\000\137\000c\000p\000p\000/\000s\000r\000c\000/\0008\0000\0002\000.\0001\0001\000a\000c\000/\000A\000P\000.\000c\000p\000p\000\040\000F\000i\000l\000e\000\040\000R\000e\000f\000e\000r\000e\000n\000c\000e}{chapter.4}% 76
\BOOKMARK [2][-]{subsection.4.6.1}{\376\377\000D\000e\000t\000a\000i\000l\000e\000d\000\040\000D\000e\000s\000c\000r\000i\000p\000t\000i\000o\000n}{section.4.6}% 77
\BOOKMARK [1][-]{section.4.7}{\376\377\000/\000h\000o\000m\000e\000/\000s\000r\000e\000e\000k\000a\000n\000t\000h\000e\000p\000c\000/\000g\000i\000t\000\137\000b\000i\000t\000b\000u\000c\000k\000e\000t\000\137\000r\000e\000p\000o\000s\000/\000h\000e\000t\000n\000e\000t\000s\000i\000m\000\137\000c\000p\000p\000/\000s\000r\000c\000/\0008\0000\0002\000.\0001\0001\000a\000c\000/\000c\000o\000m\000m\000o\000n\000.\000c\000p\000p\000\040\000F\000i\000l\000e\000\040\000R\000e\000f\000e\000r\000e\000n\000c\000e}{chapter.4}% 78
\BOOKMARK [2][-]{subsection.4.7.1}{\376\377\000D\000e\000t\000a\000i\000l\000e\000d\000\040\000D\000e\000s\000c\000r\000i\000p\000t\000i\000o\000n}{section.4.7}% 79
\BOOKMARK [2][-]{subsection.4.7.2}{\376\377\000F\000u\000n\000c\000t\000i\000o\000n\000\040\000D\000o\000c\000u\000m\000e\000n\000t\000a\000t\000i\000o\000n}{section.4.7}% 80
\BOOKMARK [3][-]{subsubsection.4.7.2.1}{\376\377\000M\000o\000n\000o\000t\000o\000n\000e\000\137\000c\000u\000b\000i\000c\000\137\000s\000p\000l\000i\000n\000e\000\137\000i\000n\000t\000e\000r\000p\000o\000l\000a\000t\000i\000o\000n}{subsection.4.7.2}% 81
\BOOKMARK [1][-]{section.4.8}{\376\377\000/\000h\000o\000m\000e\000/\000s\000r\000e\000e\000k\000a\000n\000t\000h\000e\000p\000c\000/\000g\000i\000t\000\137\000b\000i\000t\000b\000u\000c\000k\000e\000t\000\137\000r\000e\000p\000o\000s\000/\000h\000e\000t\000n\000e\000t\000s\000i\000m\000\137\000c\000p\000p\000/\000s\000r\000c\000/\0008\0000\0002\000.\0001\0001\000a\000c\000/\000S\000T\000A\000.\000c\000p\000p\000\040\000F\000i\000l\000e\000\040\000R\000e\000f\000e\000r\000e\000n\000c\000e}{chapter.4}% 82
\BOOKMARK [2][-]{subsection.4.8.1}{\376\377\000D\000e\000t\000a\000i\000l\000e\000d\000\040\000D\000e\000s\000c\000r\000i\000p\000t\000i\000o\000n}{section.4.8}% 83
\BOOKMARK [1][-]{section.4.9}{\376\377\000/\000h\000o\000m\000e\000/\000s\000r\000e\000e\000k\000a\000n\000t\000h\000e\000p\000c\000/\000g\000i\000t\000\137\000b\000i\000t\000b\000u\000c\000k\000e\000t\000\137\000r\000e\000p\000o\000s\000/\000h\000e\000t\000n\000e\000t\000s\000i\000m\000\137\000c\000p\000p\000/\000s\000r\000c\000/\000c\000h\000a\000n\000n\000e\000l\000\137\000m\000o\000d\000e\000l\000s\000/\000I\000n\000d\000o\000o\000r\000\137\000h\000o\000t\000s\000p\000o\000t\000.\000c\000p\000p\000\040\000F\000i\000l\000e\000\040\000R\000e\000f\000e\000r\000e\000n\000c\000e}{chapter.4}% 84
\BOOKMARK [2][-]{subsection.4.9.1}{\376\377\000D\000e\000t\000a\000i\000l\000e\000d\000\040\000D\000e\000s\000c\000r\000i\000p\000t\000i\000o\000n}{section.4.9}% 85
\BOOKMARK [2][-]{subsection.4.9.2}{\376\377\000F\000u\000n\000c\000t\000i\000o\000n\000\040\000D\000o\000c\000u\000m\000e\000n\000t\000a\000t\000i\000o\000n}{section.4.9}% 86
\BOOKMARK [3][-]{subsubsection.4.9.2.1}{\376\377\000I\000n\000H}{subsection.4.9.2}% 87
\BOOKMARK [1][-]{section.4.10}{\376\377\000/\000h\000o\000m\000e\000/\000s\000r\000e\000e\000k\000a\000n\000t\000h\000e\000p\000c\000/\000g\000i\000t\000\137\000b\000i\000t\000b\000u\000c\000k\000e\000t\000\137\000r\000e\000p\000o\000s\000/\000h\000e\000t\000n\000e\000t\000s\000i\000m\000\137\000c\000p\000p\000/\000s\000r\000c\000/\000c\000h\000a\000n\000n\000e\000l\000\137\000m\000o\000d\000e\000l\000s\000/\000P\000L\000\137\000m\000e\000a\000s\000u\000r\000e\000.\000c\000p\000p\000\040\000F\000i\000l\000e\000\040\000R\000e\000f\000e\000r\000e\000n\000c\000e}{chapter.4}% 88
\BOOKMARK [2][-]{subsection.4.10.1}{\376\377\000D\000e\000t\000a\000i\000l\000e\000d\000\040\000D\000e\000s\000c\000r\000i\000p\000t\000i\000o\000n}{section.4.10}% 89
\BOOKMARK [2][-]{subsection.4.10.2}{\376\377\000F\000u\000n\000c\000t\000i\000o\000n\000\040\000D\000o\000c\000u\000m\000e\000n\000t\000a\000t\000i\000o\000n}{section.4.10}% 90
\BOOKMARK [3][-]{subsubsection.4.10.2.1}{\376\377\000P\000L\000\137\000m\000e\000a\000s\000u\000r\000e}{subsection.4.10.2}% 91
\BOOKMARK [1][-]{section.4.11}{\376\377\000/\000h\000o\000m\000e\000/\000s\000r\000e\000e\000k\000a\000n\000t\000h\000e\000p\000c\000/\000g\000i\000t\000\137\000b\000i\000t\000b\000u\000c\000k\000e\000t\000\137\000r\000e\000p\000o\000s\000/\000h\000e\000t\000n\000e\000t\000s\000i\000m\000\137\000c\000p\000p\000/\000s\000r\000c\000/\000c\000h\000a\000n\000n\000e\000l\000\137\000m\000o\000d\000e\000l\000s\000/\000R\000u\000r\000a\000l\000\137\000M\000a\000c\000r\000o\000.\000c\000p\000p\000\040\000F\000i\000l\000e\000\040\000R\000e\000f\000e\000r\000e\000n\000c\000e}{chapter.4}% 92
\BOOKMARK [2][-]{subsection.4.11.1}{\376\377\000D\000e\000t\000a\000i\000l\000e\000d\000\040\000D\000e\000s\000c\000r\000i\000p\000t\000i\000o\000n}{section.4.11}% 93
\BOOKMARK [1][-]{section.4.12}{\376\377\000/\000h\000o\000m\000e\000/\000s\000r\000e\000e\000k\000a\000n\000t\000h\000e\000p\000c\000/\000g\000i\000t\000\137\000b\000i\000t\000b\000u\000c\000k\000e\000t\000\137\000r\000e\000p\000o\000s\000/\000h\000e\000t\000n\000e\000t\000s\000i\000m\000\137\000c\000p\000p\000/\000s\000r\000c\000/\000c\000h\000a\000n\000n\000e\000l\000\137\000m\000o\000d\000e\000l\000s\000/\000U\000r\000b\000a\000n\000\137\000M\000a\000c\000r\000o\000.\000c\000p\000p\000\040\000F\000i\000l\000e\000\040\000R\000e\000f\000e\000r\000e\000n\000c\000e}{chapter.4}% 94
\BOOKMARK [2][-]{subsection.4.12.1}{\376\377\000D\000e\000t\000a\000i\000l\000e\000d\000\040\000D\000e\000s\000c\000r\000i\000p\000t\000i\000o\000n}{section.4.12}% 95
\BOOKMARK [1][-]{section.4.13}{\376\377\000/\000h\000o\000m\000e\000/\000s\000r\000e\000e\000k\000a\000n\000t\000h\000e\000p\000c\000/\000g\000i\000t\000\137\000b\000i\000t\000b\000u\000c\000k\000e\000t\000\137\000r\000e\000p\000o\000s\000/\000h\000e\000t\000n\000e\000t\000s\000i\000m\000\137\000c\000p\000p\000/\000s\000r\000c\000/\000c\000h\000a\000n\000n\000e\000l\000\137\000m\000o\000d\000e\000l\000s\000/\000U\000r\000b\000a\000n\000\137\000M\000i\000c\000r\000o\000.\000c\000p\000p\000\040\000F\000i\000l\000e\000\040\000R\000e\000f\000e\000r\000e\000n\000c\000e}{chapter.4}% 96
\BOOKMARK [2][-]{subsection.4.13.1}{\376\377\000D\000e\000t\000a\000i\000l\000e\000d\000\040\000D\000e\000s\000c\000r\000i\000p\000t\000i\000o\000n}{section.4.13}% 97
